2018-07-23 13:20:26.993  INFO 6106 --- [main] c.j.r.SpringRabbitMqProducerApplication  : Starting SpringRabbitMqProducerApplication on asus-X550JK with PID 6106 (started by asus in /home/asus/workspace intellij/exmple rabbitmq/exmple de quartz job/Job)
2018-07-23 13:20:26.994  INFO 6106 --- [main] c.j.r.SpringRabbitMqProducerApplication  : No active profile set, falling back to default profiles: default
2018-07-23 13:20:27.036  INFO 6106 --- [main] s.c.a.AnnotationConfigApplicationContext : Refreshing org.springframework.context.annotation.AnnotationConfigApplicationContext@6b19b79: startup date [Mon Jul 23 13:20:27 CET 2018]; root of context hierarchy
2018-07-23 13:20:27.464  INFO 6106 --- [main] trationDelegate$BeanPostProcessorChecker : Bean 'org.springframework.amqp.rabbit.annotation.RabbitBootstrapConfiguration' of type [org.springframework.amqp.rabbit.annotation.RabbitBootstrapConfiguration$$EnhancerBySpringCGLIB$$de45e327] is not eligible for getting processed by all BeanPostProcessors (for example: not eligible for auto-proxying)
2018-07-23 13:20:27.774  INFO 6106 --- [main] o.s.j.e.a.AnnotationMBeanExporter        : Registering beans for JMX exposure on startup
2018-07-23 13:20:27.779  INFO 6106 --- [main] o.s.j.e.a.AnnotationMBeanExporter        : Bean with name 'rabbitConnectionFactory' has been autodetected for JMX exposure
2018-07-23 13:20:27.781  INFO 6106 --- [main] o.s.j.e.a.AnnotationMBeanExporter        : Located managed bean 'rabbitConnectionFactory': registering with JMX server as MBean [org.springframework.amqp.rabbit.connection:name=rabbitConnectionFactory,type=CachingConnectionFactory]
2018-07-23 13:20:27.846  INFO 6106 --- [main] o.s.c.support.DefaultLifecycleProcessor  : Starting beans in phase -2147482648
2018-07-23 13:20:27.846  INFO 6106 --- [main] o.s.c.support.DefaultLifecycleProcessor  : Starting beans in phase 2147483647
2018-07-23 13:20:27.866  INFO 6106 --- [SimpleAsyncTaskExecutor-1] o.s.a.r.c.CachingConnectionFactory       : Created new connection: rabbitConnectionFactory#b1b533:0/SimpleConnection@7584d48a [delegate=amqp://guest@127.0.0.1:5672/, localPort= 38312]
2018-07-23 13:20:27.868  INFO 6106 --- [SimpleAsyncTaskExecutor-1] o.s.amqp.rabbit.core.RabbitAdmin         : Auto-declaring a non-durable, auto-delete, or exclusive Queue (jsa.queue) durable:false, auto-delete:false, exclusive:false. It will be redeclared if the broker stops and is restarted while the connection factory is alive, but all messages will be lost.
2018-07-23 13:20:27.927  INFO 6106 --- [main] c.j.r.SpringRabbitMqProducerApplication  : Started SpringRabbitMqProducerApplication in 1.147 seconds (JVM running for 1.51)
2018-07-23 13:20:37.420  INFO 6106 --- [Thread-4] s.c.a.AnnotationConfigApplicationContext : Closing org.springframework.context.annotation.AnnotationConfigApplicationContext@6b19b79: startup date [Mon Jul 23 13:20:27 CET 2018]; root of context hierarchy
2018-07-23 13:20:37.421  INFO 6106 --- [Thread-4] o.s.c.support.DefaultLifecycleProcessor  : Stopping beans in phase 2147483647
2018-07-23 13:20:37.423  INFO 6106 --- [Thread-4] o.s.a.r.l.SimpleMessageListenerContainer : Waiting for workers to finish.
2018-07-23 13:20:38.001  INFO 6106 --- [Thread-4] o.s.a.r.l.SimpleMessageListenerContainer : Successfully waited for workers to finish.
2018-07-23 13:20:38.002  INFO 6106 --- [Thread-4] o.s.c.support.DefaultLifecycleProcessor  : Stopping beans in phase -2147482648
2018-07-23 13:20:38.003  INFO 6106 --- [Thread-4] o.s.j.e.a.AnnotationMBeanExporter        : Unregistering JMX-exposed beans on shutdown
2018-07-23 13:20:38.003  INFO 6106 --- [Thread-4] o.s.j.e.a.AnnotationMBeanExporter        : Unregistering JMX-exposed beans
2018-07-24 10:17:26.955  INFO 20714 --- [main] c.j.r.SpringRabbitMqProducerApplication  : Starting SpringRabbitMqProducerApplication on asus-X550JK with PID 20714 (started by asus in /home/asus/workspace intellij/exmple rabbitmq/exmple de quartz job/Job)
2018-07-24 10:17:26.987  INFO 20714 --- [main] c.j.r.SpringRabbitMqProducerApplication  : No active profile set, falling back to default profiles: default
2018-07-24 10:17:27.082  INFO 20714 --- [main] s.c.a.AnnotationConfigApplicationContext : Refreshing org.springframework.context.annotation.AnnotationConfigApplicationContext@7f1302d6: startup date [Tue Jul 24 10:17:27 CET 2018]; root of context hierarchy
2018-07-24 10:17:27.877  INFO 20714 --- [main] trationDelegate$BeanPostProcessorChecker : Bean 'org.springframework.amqp.rabbit.annotation.RabbitBootstrapConfiguration' of type [org.springframework.amqp.rabbit.annotation.RabbitBootstrapConfiguration$$EnhancerBySpringCGLIB$$78d391de] is not eligible for getting processed by all BeanPostProcessors (for example: not eligible for auto-proxying)
2018-07-24 10:17:28.355  INFO 20714 --- [main] o.s.j.e.a.AnnotationMBeanExporter        : Registering beans for JMX exposure on startup
2018-07-24 10:17:28.359  INFO 20714 --- [main] o.s.j.e.a.AnnotationMBeanExporter        : Bean with name 'rabbitConnectionFactory' has been autodetected for JMX exposure
2018-07-24 10:17:28.361  INFO 20714 --- [main] o.s.j.e.a.AnnotationMBeanExporter        : Located managed bean 'rabbitConnectionFactory': registering with JMX server as MBean [org.springframework.amqp.rabbit.connection:name=rabbitConnectionFactory,type=CachingConnectionFactory]
2018-07-24 10:17:28.452  INFO 20714 --- [main] o.s.c.support.DefaultLifecycleProcessor  : Starting beans in phase -2147482648
2018-07-24 10:17:28.452  INFO 20714 --- [main] o.s.c.support.DefaultLifecycleProcessor  : Starting beans in phase 2147483647
2018-07-24 10:17:28.538  INFO 20714 --- [SimpleAsyncTaskExecutor-1] o.s.a.r.c.CachingConnectionFactory       : Created new connection: rabbitConnectionFactory#472dfcb1:0/SimpleConnection@79b900d3 [delegate=amqp://guest@127.0.0.1:5672/, localPort= 33970]
2018-07-24 10:17:28.540  INFO 20714 --- [SimpleAsyncTaskExecutor-1] o.s.amqp.rabbit.core.RabbitAdmin         : Auto-declaring a non-durable, auto-delete, or exclusive Queue (jsa.queue) durable:false, auto-delete:false, exclusive:false. It will be redeclared if the broker stops and is restarted while the connection factory is alive, but all messages will be lost.
2018-07-24 10:17:28.637  INFO 20714 --- [main] c.j.r.SpringRabbitMqProducerApplication  : Started SpringRabbitMqProducerApplication in 2.387 seconds (JVM running for 5.295)
2018-07-24 10:17:28.656  WARN 20714 --- [SimpleAsyncTaskExecutor-1] s.a.r.l.ConditionalRejectingErrorHandler : Execution of Rabbit message listener failed.

org.springframework.amqp.rabbit.listener.exception.ListenerExecutionFailedException: Listener threw exception
	at org.springframework.amqp.rabbit.listener.AbstractMessageListenerContainer.wrapToListenerExecutionFailedExceptionIfNeeded(AbstractMessageListenerContainer.java:915)
	at org.springframework.amqp.rabbit.listener.AbstractMessageListenerContainer.doInvokeListener(AbstractMessageListenerContainer.java:825)
	at org.springframework.amqp.rabbit.listener.AbstractMessageListenerContainer.invokeListener(AbstractMessageListenerContainer.java:745)
	at org.springframework.amqp.rabbit.listener.SimpleMessageListenerContainer.access$001(SimpleMessageListenerContainer.java:97)
	at org.springframework.amqp.rabbit.listener.SimpleMessageListenerContainer$1.invokeListener(SimpleMessageListenerContainer.java:189)
	at org.springframework.amqp.rabbit.listener.SimpleMessageListenerContainer.invokeListener(SimpleMessageListenerContainer.java:1276)
	at org.springframework.amqp.rabbit.listener.AbstractMessageListenerContainer.executeListener(AbstractMessageListenerContainer.java:726)
	at org.springframework.amqp.rabbit.listener.SimpleMessageListenerContainer.doReceiveAndExecute(SimpleMessageListenerContainer.java:1219)
	at org.springframework.amqp.rabbit.listener.SimpleMessageListenerContainer.receiveAndExecute(SimpleMessageListenerContainer.java:1189)
	at org.springframework.amqp.rabbit.listener.SimpleMessageListenerContainer.access$1500(SimpleMessageListenerContainer.java:97)
	at org.springframework.amqp.rabbit.listener.SimpleMessageListenerContainer$AsyncMessageProcessingConsumer.run(SimpleMessageListenerContainer.java:1421)
	at java.lang.Thread.run(Thread.java:748)
Caused by: org.springframework.amqp.support.converter.MessageConversionException: Failed to convert Message content
	at org.springframework.amqp.support.converter.Jackson2JsonMessageConverter.fromMessage(Jackson2JsonMessageConverter.java:175)
	at org.springframework.amqp.rabbit.listener.adapter.AbstractAdaptableMessageListener.extractMessage(AbstractAdaptableMessageListener.java:236)
	at org.springframework.amqp.rabbit.listener.adapter.MessagingMessageListenerAdapter$MessagingMessageConverterAdapter.extractPayload(MessagingMessageListenerAdapter.java:216)
	at org.springframework.amqp.support.converter.MessagingMessageConverter.fromMessage(MessagingMessageConverter.java:118)
	at org.springframework.amqp.rabbit.listener.adapter.MessagingMessageListenerAdapter.toMessagingMessage(MessagingMessageListenerAdapter.java:116)
	at org.springframework.amqp.rabbit.listener.adapter.MessagingMessageListenerAdapter.onMessage(MessagingMessageListenerAdapter.java:102)
	at org.springframework.amqp.rabbit.listener.AbstractMessageListenerContainer.doInvokeListener(AbstractMessageListenerContainer.java:822)
	... 10 common frames omitted
Caused by: com.fasterxml.jackson.databind.JsonMappingException: Can not deserialize instance of java.lang.String out of START_OBJECT token
 at [Source: {"jobId":"6","jobName":"job_name_test","jobGroup":"job_group_test","jobStatus":"Normal","cronExpression":"0/5 * * * * ?","desc":"i am job number test","interfaceName":"test"}; line: 1, column: 1]
	at com.fasterxml.jackson.databind.JsonMappingException.from(JsonMappingException.java:270)
	at com.fasterxml.jackson.databind.DeserializationContext.reportMappingException(DeserializationContext.java:1234)
	at com.fasterxml.jackson.databind.DeserializationContext.handleUnexpectedToken(DeserializationContext.java:1122)
	at com.fasterxml.jackson.databind.DeserializationContext.handleUnexpectedToken(DeserializationContext.java:1075)
	at com.fasterxml.jackson.databind.deser.std.StringDeserializer.deserialize(StringDeserializer.java:60)
	at com.fasterxml.jackson.databind.deser.std.StringDeserializer.deserialize(StringDeserializer.java:11)
	at com.fasterxml.jackson.databind.ObjectMapper._readMapAndClose(ObjectMapper.java:3798)
	at com.fasterxml.jackson.databind.ObjectMapper.readValue(ObjectMapper.java:2880)
	at org.springframework.amqp.support.converter.Jackson2JsonMessageConverter.convertBytesToObject(Jackson2JsonMessageConverter.java:194)
	at org.springframework.amqp.support.converter.Jackson2JsonMessageConverter.fromMessage(Jackson2JsonMessageConverter.java:164)
	... 16 common frames omitted

2018-07-24 10:17:28.656  WARN 20714 --- [SimpleAsyncTaskExecutor-1] ingErrorHandler$DefaultExceptionStrategy : Fatal message conversion error; message rejected; it will be dropped or routed to a dead letter exchange, if so configured: (Body:'{"jobId":"6","jobName":"job_name_test","jobGroup":"job_group_test","jobStatus":"Normal","cronExpression":"0/5 * * * * ?","desc":"i am job number test","interfaceName":"test"}' MessageProperties [headers={__TypeId__=com.javasampleapproach.rabbitmq.model.Job}, timestamp=null, messageId=null, userId=null, receivedUserId=null, appId=null, clusterId=null, type=null, correlationId=null, correlationIdString=null, replyTo=null, contentType=application/json, contentEncoding=UTF-8, contentLength=0, deliveryMode=null, receivedDeliveryMode=PERSISTENT, expiration=null, priority=0, redelivered=false, receivedExchange=jsa.exchange, receivedRoutingKey=jsa.routingkey, receivedDelay=null, deliveryTag=1, messageCount=0, consumerTag=amq.ctag-anvn3Tg5mJVeeOZ2Xtm9Lg, consumerQueue=jsa.queue])
2018-07-24 10:28:33.895  INFO 20714 --- [Thread-8] s.c.a.AnnotationConfigApplicationContext : Closing org.springframework.context.annotation.AnnotationConfigApplicationContext@7f1302d6: startup date [Tue Jul 24 10:17:27 CET 2018]; root of context hierarchy
2018-07-24 10:28:33.908  INFO 20714 --- [Thread-8] o.s.c.support.DefaultLifecycleProcessor  : Stopping beans in phase 2147483647
2018-07-24 10:28:33.922  INFO 20714 --- [Thread-8] o.s.a.r.l.SimpleMessageListenerContainer : Waiting for workers to finish.
2018-07-24 10:28:34.808  INFO 20714 --- [Thread-8] o.s.a.r.l.SimpleMessageListenerContainer : Successfully waited for workers to finish.
2018-07-24 10:28:34.808  INFO 20714 --- [Thread-8] o.s.c.support.DefaultLifecycleProcessor  : Stopping beans in phase -2147482648
2018-07-24 10:28:34.808  INFO 20714 --- [Thread-8] o.s.j.e.a.AnnotationMBeanExporter        : Unregistering JMX-exposed beans on shutdown
2018-07-24 10:28:34.808  INFO 20714 --- [Thread-8] o.s.j.e.a.AnnotationMBeanExporter        : Unregistering JMX-exposed beans
